#
# There is insufficient memory for the Java Runtime Environment to continue.
# Native memory allocation (malloc) failed to allocate 1623696 bytes. Error detail: Chunk::new
# Possible reasons:
#   The system is out of physical RAM or swap space
#   This process is running with CompressedOops enabled, and the Java Heap may be blocking the growth of the native heap
# Possible solutions:
#   Reduce memory load on the system
#   Increase physical memory or swap space
#   Check if swap backing store is full
#   Decrease Java heap size (-Xmx/-Xms)
#   Decrease number of Java threads
#   Decrease Java thread stack sizes (-Xss)
#   Set larger code cache with -XX:ReservedCodeCacheSize=
#   JVM is running with Unscaled Compressed Oops mode in which the Java heap is
#     placed in the first 4GB address space. The Java Heap base address is the
#     maximum limit for the native heap growth. Please use -XX:HeapBaseMinAddress
#     to set the Java Heap base and to place the Java Heap above 4GB virtual address.
# This output file may be truncated or incomplete.
#
#  Out of Memory Error (arena.cpp:168), pid=12416, tid=18360
#
# JRE version: OpenJDK Runtime Environment Temurin-21.0.10+7 (21.0.10+7) (build 21.0.10+7-LTS)
# Java VM: OpenJDK 64-Bit Server VM Temurin-21.0.10+7 (21.0.10+7-LTS, mixed mode, sharing, tiered, compressed oops, compressed class ptrs, parallel gc, windows-amd64)
# No core dump will be written. Minidumps are not enabled by default on client versions of Windows
#

---------------  S U M M A R Y ------------

Command Line: --add-modules=ALL-SYSTEM --add-opens=java.base/java.util=ALL-UNNAMED --add-opens=java.base/java.lang=ALL-UNNAMED --add-opens=java.base/sun.nio.fs=ALL-UNNAMED -Declipse.application=org.eclipse.jdt.ls.core.id1 -Dosgi.bundles.defaultStartLevel=4 -Declipse.product=org.eclipse.jdt.ls.core.product -Djava.import.generatesMetadataFilesAtProjectRoot=false -DDetectVMInstallationsJob.disabled=true -Dfile.encoding=utf8 -XX:+UseParallelGC -XX:GCTimeRatio=4 -XX:AdaptiveSizePolicyWeight=90 -Dsun.zip.disableMemoryMapping=true -Xmx2G -Xms100m -Xlog:disable -javaagent:c:\Users\Suchithra R\.vscode\extensions\redhat.java-1.54.0-win32-x64\lombok\lombok-1.18.39-4050.jar -XX:+HeapDumpOnOutOfMemoryError -XX:HeapDumpPath=c:\Users\Suchithra R\AppData\Roaming\Code\User\workspaceStorage\d012632ad44ff7d50c97a912f1f7be03\redhat.java -Daether.dependencyCollector.impl=bf c:\Users\Suchithra R\.vscode\extensions\redhat.java-1.54.0-win32-x64\server\plugins\org.eclipse.equinox.launcher_1.7.100.v20251111-0406.jar -configuration c:\Users\Suchithra R\AppData\Roaming\Code\User\globalStorage\redhat.java\1.54.0\config_win -data c:\Users\Suchithra R\AppData\Roaming\Code\User\workspaceStorage\d012632ad44ff7d50c97a912f1f7be03\redhat.java\jdt_ws --pipe=\\.\pipe\lsp-f47fce3c9c9f51a810c43b7dcd16ad82-sock

Host: 13th Gen Intel(R) Core(TM) i5-1334U, 12 cores, 7G,  Windows 11 , 64 bit Build 26100 (10.0.26100.8246)
Time: Thu Apr 30 17:47:25 2026 India Standard Time elapsed time: 26.158278 seconds (0d 0h 0m 26s)

---------------  T H R E A D  ---------------

Current thread (0x0000024217370de0):  JavaThread "C2 CompilerThread0" daemon [_thread_in_native, id=18360, stack(0x0000007342f00000,0x0000007343000000) (1024K)]


Current CompileTask:
C2:26158 8373   !   4       org.eclipse.osgi.internal.loader.classpath.ClasspathManager::defineClass (636 bytes)

Stack: [0x0000007342f00000,0x0000007343000000]
Native frames: (J=compiled Java code, j=interpreted, Vv=VM code, C=native code)
V  [jvm.dll+0x6d7a39]
V  [jvm.dll+0x8b4b26]
V  [jvm.dll+0x8b70de]
V  [jvm.dll+0x8b77c3]
V  [jvm.dll+0x284346]
V  [jvm.dll+0xc66ed]
V  [jvm.dll+0xc6c31]
V  [jvm.dll+0x3bec01]
V  [jvm.dll+0x38b162]
V  [jvm.dll+0x38a5aa]
V  [jvm.dll+0x24c560]
V  [jvm.dll+0x24bb40]
V  [jvm.dll+0x1cb34e]
V  [jvm.dll+0x25b85d]
V  [jvm.dll+0x259dea]
V  [jvm.dll+0x3f857e]
V  [jvm.dll+0x85f59d]
V  [jvm.dll+0x6d626d]
C  [ucrtbase.dll+0x37b0]
C  [KERNEL32.DLL+0x2e8d7]
C  [ntdll.dll+0x8c3fc]


---------------  P R O C E S S  ---------------

Threads class SMR info:
_java_thread_list=0x0000024220010a30, length=54, elements={
0x00000241be52d130, 0x00000241d4fde560, 0x00000241be5d1290, 0x00000241be5d9940,
0x00000241be5da3a0, 0x00000241be5db620, 0x00000241be5e5ce0, 0x0000024217370de0,
0x00000242173914a0, 0x00000242175567a0, 0x00000242175553f0, 0x0000024217555a80,
0x0000024217556e30, 0x0000024217556110, 0x00000242175574c0, 0x00000242175546d0,
0x0000024217557b50, 0x000002421d45d9f0, 0x000002421d45c640, 0x000002421d45eda0,
0x000002421d45ccd0, 0x000002421d45d360, 0x000002421d45b920, 0x000002421d45f430,
0x000002421d45bfb0, 0x000002421d4628b0, 0x000002421d45fac0, 0x000002421d462f40,
0x000002421d460e70, 0x000002421d461500, 0x000002421d461b90, 0x000002421d462220,
0x000002421d4607e0, 0x000002421d460150, 0x000002421d9487c0, 0x000002421d946d80,
0x000002421d948130, 0x000002421d946060, 0x000002421d948e50, 0x000002421d9494e0,
0x000002421d947aa0, 0x000002421d947410, 0x000002421d949b70, 0x000002421d9466f0,
0x000002421d94d680, 0x000002421d94af20, 0x000002421d94c2d0, 0x000002421d94a200,
0x000002421d94a890, 0x000002421d94b5b0, 0x000002421d94bc40, 0x000002421d94c960,
0x000002421deebd40, 0x000002421deeafa0
}

Java Threads: ( => current thread )
  0x00000241be52d130 JavaThread "main"                              [_thread_blocked, id=26848, stack(0x0000007342500000,0x0000007342600000) (1024K)]
  0x00000241d4fde560 JavaThread "Reference Handler"          daemon [_thread_blocked, id=18396, stack(0x0000007342900000,0x0000007342a00000) (1024K)]
  0x00000241be5d1290 JavaThread "Finalizer"                  daemon [_thread_blocked, id=33712, stack(0x0000007342a00000,0x0000007342b00000) (1024K)]
  0x00000241be5d9940 JavaThread "Signal Dispatcher"          daemon [_thread_blocked, id=16752, stack(0x0000007342b00000,0x0000007342c00000) (1024K)]
  0x00000241be5da3a0 JavaThread "Attach Listener"            daemon [_thread_blocked, id=32828, stack(0x0000007342c00000,0x0000007342d00000) (1024K)]
  0x00000241be5db620 JavaThread "Service Thread"             daemon [_thread_blocked, id=24644, stack(0x0000007342d00000,0x0000007342e00000) (1024K)]
  0x00000241be5e5ce0 JavaThread "Monitor Deflation Thread"   daemon [_thread_blocked, id=10220, stack(0x0000007342e00000,0x0000007342f00000) (1024K)]
=>0x0000024217370de0 JavaThread "C2 CompilerThread0"         daemon [_thread_in_native, id=18360, stack(0x0000007342f00000,0x0000007343000000) (1024K)]
  0x00000242173914a0 JavaThread "C1 CompilerThread0"         daemon [_thread_blocked, id=25852, stack(0x0000007343000000,0x0000007343100000) (1024K)]
  0x00000242175567a0 JavaThread "Common-Cleaner"             daemon [_thread_blocked, id=15296, stack(0x0000007343100000,0x0000007343200000) (1024K)]
  0x00000242175553f0 JavaThread "Notification Thread"        daemon [_thread_blocked, id=25880, stack(0x0000007343300000,0x0000007343400000) (1024K)]
  0x0000024217555a80 JavaThread "Active Thread: Equinox Container: d75df5c8-20f4-4a35-a8eb-c1871213d3f6"        [_thread_blocked, id=21060, stack(0x0000007343b00000,0x0000007343c00000) (1024K)]
  0x0000024217556e30 JavaThread "Refresh Thread: Equinox Container: d75df5c8-20f4-4a35-a8eb-c1871213d3f6" daemon [_thread_blocked, id=27916, stack(0x0000007343d00000,0x0000007343e00000) (1024K)]
  0x0000024217556110 JavaThread "Framework Event Dispatcher: Equinox Container: d75df5c8-20f4-4a35-a8eb-c1871213d3f6" daemon [_thread_blocked, id=31700, stack(0x0000007343e00000,0x0000007343f00000) (1024K)]
  0x00000242175574c0 JavaThread "Start Level: Equinox Container: d75df5c8-20f4-4a35-a8eb-c1871213d3f6" daemon [_thread_blocked, id=16364, stack(0x0000007343f00000,0x0000007344000000) (1024K)]
  0x00000242175546d0 JavaThread "Bundle File Closer"         daemon [_thread_blocked, id=18748, stack(0x0000007343200000,0x0000007343300000) (1024K)]
  0x0000024217557b50 JavaThread "SCR Component Actor"        daemon [_thread_blocked, id=19384, stack(0x0000007343400000,0x0000007343500000) (1024K)]
  0x000002421d45d9f0 JavaThread "Worker-JM"                         [_thread_blocked, id=4012, stack(0x0000007344300000,0x0000007344400000) (1024K)]
  0x000002421d45c640 JavaThread "JNA Cleaner"                daemon [_thread_blocked, id=26876, stack(0x0000007344400000,0x0000007344500000) (1024K)]
  0x000002421d45eda0 JavaThread "Worker-0: Publish Diagnostics"        [_thread_in_Java, id=13816, stack(0x0000007344500000,0x0000007344600000) (1024K)]
  0x000002421d45ccd0 JavaThread "Worker-1"                          [_thread_blocked, id=20552, stack(0x0000007344600000,0x0000007344700000) (1024K)]
  0x000002421d45d360 JavaThread "Java indexing"              daemon [_thread_blocked, id=17024, stack(0x0000007344700000,0x0000007344800000) (1024K)]
  0x000002421d45b920 JavaThread "Worker-2"                          [_thread_blocked, id=20064, stack(0x0000007344b00000,0x0000007344c00000) (1024K)]
  0x000002421d45f430 JavaThread "Worker-3: Initialize workspace"        [_thread_in_native, id=12404, stack(0x0000007344c00000,0x0000007344d00000) (1024K)]
  0x000002421d45bfb0 JavaThread "Worker-4"                          [_thread_blocked, id=30088, stack(0x0000007344d00000,0x0000007344e00000) (1024K)]
  0x000002421d4628b0 JavaThread "Thread-1"                   daemon [_thread_in_native, id=13156, stack(0x0000007344e00000,0x0000007344f00000) (1024K)]
  0x000002421d45fac0 JavaThread "Thread-2"                   daemon [_thread_in_native, id=23684, stack(0x0000007344f00000,0x0000007345000000) (1024K)]
  0x000002421d462f40 JavaThread "Thread-3"                   daemon [_thread_in_native, id=29540, stack(0x0000007345000000,0x0000007345100000) (1024K)]
  0x000002421d460e70 JavaThread "Thread-4"                   daemon [_thread_in_native, id=22500, stack(0x0000007345100000,0x0000007345200000) (1024K)]
  0x000002421d461500 JavaThread "Thread-5"                   daemon [_thread_in_native, id=1380, stack(0x0000007345200000,0x0000007345300000) (1024K)]
  0x000002421d461b90 JavaThread "Thread-6"                   daemon [_thread_in_native, id=29348, stack(0x0000007345300000,0x0000007345400000) (1024K)]
  0x000002421d462220 JavaThread "Thread-7"                   daemon [_thread_in_native, id=18160, stack(0x0000007345400000,0x0000007345500000) (1024K)]
  0x000002421d4607e0 JavaThread "Thread-8"                   daemon [_thread_in_native, id=10880, stack(0x0000007345500000,0x0000007345600000) (1024K)]
  0x000002421d460150 JavaThread "Thread-9"                   daemon [_thread_in_native, id=20332, stack(0x0000007345600000,0x0000007345700000) (1024K)]
  0x000002421d9487c0 JavaThread "Thread-10"                  daemon [_thread_in_native, id=1444, stack(0x0000007345700000,0x0000007345800000) (1024K)]
  0x000002421d946d80 JavaThread "Thread-11"                  daemon [_thread_in_native, id=32912, stack(0x0000007345800000,0x0000007345900000) (1024K)]
  0x000002421d948130 JavaThread "Thread-12"                  daemon [_thread_in_native, id=17312, stack(0x0000007345900000,0x0000007345a00000) (1024K)]
  0x000002421d946060 JavaThread "Thread-13"                  daemon [_thread_in_native, id=3848, stack(0x0000007345a00000,0x0000007345b00000) (1024K)]
  0x000002421d948e50 JavaThread "pool-2-thread-1"                   [_thread_blocked, id=23052, stack(0x0000007345b00000,0x0000007345c00000) (1024K)]
  0x000002421d9494e0 JavaThread "WorkspaceEventsHandler"            [_thread_blocked, id=25024, stack(0x0000007345d00000,0x0000007345e00000) (1024K)]
  0x000002421d947aa0 JavaThread "pool-1-thread-1"                   [_thread_blocked, id=33488, stack(0x0000007345e00000,0x0000007345f00000) (1024K)]
  0x000002421d947410 JavaThread "ForkJoinPool.commonPool-worker-1" daemon [_thread_blocked, id=31432, stack(0x0000007345f00000,0x0000007346000000) (1024K)]
  0x000002421d949b70 JavaThread "ForkJoinPool.commonPool-worker-2" daemon [_thread_blocked, id=984, stack(0x0000007346000000,0x0000007346100000) (1024K)]
  0x000002421d9466f0 JavaThread "ForkJoinPool.commonPool-worker-3" daemon [_thread_blocked, id=1248, stack(0x0000007346100000,0x0000007346200000) (1024K)]
  0x000002421d94d680 JavaThread "ForkJoinPool.commonPool-worker-4" daemon [_thread_blocked, id=6224, stack(0x0000007346200000,0x0000007346300000) (1024K)]
  0x000002421d94af20 JavaThread "ForkJoinPool.commonPool-worker-5" daemon [_thread_blocked, id=18368, stack(0x0000007346300000,0x0000007346400000) (1024K)]
  0x000002421d94c2d0 JavaThread "ForkJoinPool.commonPool-worker-6" daemon [_thread_blocked, id=23492, stack(0x0000007346400000,0x0000007346500000) (1024K)]
  0x000002421d94a200 JavaThread "ForkJoinPool.commonPool-worker-7" daemon [_thread_blocked, id=33392, stack(0x0000007346500000,0x0000007346600000) (1024K)]
  0x000002421d94a890 JavaThread "ForkJoinPool.commonPool-worker-8" daemon [_thread_in_Java, id=8608, stack(0x0000007346600000,0x0000007346700000) (1024K)]
  0x000002421d94b5b0 JavaThread "ForkJoinPool.commonPool-worker-9" daemon [_thread_blocked, id=31780, stack(0x0000007346700000,0x0000007346800000) (1024K)]
  0x000002421d94bc40 JavaThread "ForkJoinPool.commonPool-worker-10" daemon [_thread_blocked, id=26052, stack(0x0000007346800000,0x0000007346900000) (1024K)]
  0x000002421d94c960 JavaThread "ForkJoinPool.commonPool-worker-11" daemon [_thread_blocked, id=28728, stack(0x0000007346900000,0x0000007346a00000) (1024K)]
  0x000002421deebd40 JavaThread "C2 CompilerThread1"         daemon [_thread_in_native, id=3992, stack(0x0000007344200000,0x0000007344300000) (1024K)]
  0x000002421deeafa0 JavaThread "C2 CompilerThread2"         daemon [_thread_in_native, id=7196, stack(0x0000007344800000,0x0000007344900000) (1024K)]
Total: 54

Other Threads:
  0x00000241be5d0af0 VMThread "VM Thread"                           [id=12304, stack(0x0000007342800000,0x0000007342900000) (1024K)]
  0x00000241d4ebca00 WatcherThread "VM Periodic Task Thread"        [id=6764, stack(0x0000007342700000,0x0000007342800000) (1024K)]
  0x00000241be54c980 WorkerThread "GC Thread#0"                     [id=14516, stack(0x0000007342600000,0x0000007342700000) (1024K)]
  0x000002421875ba50 WorkerThread "GC Thread#1"                     [id=29556, stack(0x0000007343500000,0x0000007343600000) (1024K)]
  0x00000242186b1da0 WorkerThread "GC Thread#2"                     [id=32968, stack(0x0000007343600000,0x0000007343700000) (1024K)]
  0x00000242186b2150 WorkerThread "GC Thread#3"                     [id=32028, stack(0x0000007343700000,0x0000007343800000) (1024K)]
  0x0000024218a286b0 WorkerThread "GC Thread#4"                     [id=6276, stack(0x0000007343800000,0x0000007343900000) (1024K)]
  0x0000024218a28a60 WorkerThread "GC Thread#5"                     [id=22296, stack(0x0000007343900000,0x0000007343a00000) (1024K)]
  0x0000024218a28e10 WorkerThread "GC Thread#6"                     [id=33300, stack(0x0000007343a00000,0x0000007343b00000) (1024K)]
  0x000002421d04fb70 WorkerThread "GC Thread#7"                     [id=33620, stack(0x0000007343c00000,0x0000007343d00000) (1024K)]
  0x000002421d3ca900 WorkerThread "GC Thread#8"                     [id=20484, stack(0x0000007344000000,0x0000007344100000) (1024K)]
  0x000002421d605080 WorkerThread "GC Thread#9"                     [id=11832, stack(0x0000007344100000,0x0000007344200000) (1024K)]
Total: 12

Threads with active compile tasks:
C2 CompilerThread0  26244 8373   !   4       org.eclipse.osgi.internal.loader.classpath.ClasspathManager::defineClass (636 bytes)
C2 CompilerThread1  26244 8547       4       org.codehaus.plexus.util.xml.pull.MXParser::nextImpl (1208 bytes)
C2 CompilerThread2  26244 8545       4       java.util.ArrayList::equalsRange (85 bytes)
Total: 3

VM state: not at safepoint (normal execution)

VM Mutex/Monitor currently owned by a thread:  ([mutex/lock_event])
[0x00007ffe0548ebe0] SystemDictionary_lock - owner thread: 0x0000000000000000

Heap address: 0x0000000080000000, size: 2048 MB, Compressed Oops mode: 32-bit

CDS archive(s) mapped at: [0x00000241d5000000-0x00000241d5ba0000-0x00000241d5ba0000), size 12189696, SharedBaseAddress: 0x00000241d5000000, ArchiveRelocationMode: 1.
Compressed class space mapped at: 0x00000241d6000000-0x0000024216000000, reserved size: 1073741824
Narrow klass base: 0x00000241d5000000, Narrow klass shift: 0, Narrow klass range: 0x100000000

GC Precious Log:
 CardTable entry size: 512
 CPUs: 12 total, 12 available
 Memory: 7876M
 Large Page Support: Disabled
 NUMA Support: Disabled
 Compressed Oops: Enabled (32-bit)
 Alignments: Space 512K, Generation 512K, Heap 2M
 Heap Min Capacity: 100M
 Heap Initial Capacity: 100M
 Heap Max Capacity: 2G
 Pre-touch: Disabled
 Parallel Workers: 10

Heap:
 PSYoungGen      total 19968K, used 16583K [0x00000000d5580000, 0x00000000d6d00000, 0x0000000100000000)
  eden space 18432K, 81% used [0x00000000d5580000,0x00000000d6438158,0x00000000d6780000)
  from space 1536K, 98% used [0x00000000d6980000,0x00000000d6af9c98,0x00000000d6b00000)
  to   space 2048K, 0% used [0x00000000d6b00000,0x00000000d6b00000,0x00000000d6d00000)
 ParOldGen       total 68608K, used 52879K [0x0000000080000000, 0x0000000084300000, 0x00000000d5580000)
  object space 68608K, 77% used [0x0000000080000000,0x00000000833a3d98,0x0000000084300000)
 Metaspace       used 62487K, committed 63872K, reserved 1114112K
  class space    used 6851K, committed 7488K, reserved 1048576K

Card table byte_map: [0x00000241bded0000,0x00000241be2e0000] _byte_map_base: 0x00000241bdad0000

Marking Bits: (ParMarkBitMap*) 0x00007ffe05493450
 Begin Bits: [0x00000241d09e0000, 0x00000241d29e0000)
 End Bits:   [0x00000241d29e0000, 0x00000241d49e0000)

Polling page: 0x00000241bc770000

Metaspace:

Usage:
  Non-class:     54.33 MB used.
      Class:      6.69 MB used.
       Both:     61.02 MB used.

Virtual space:
  Non-class space:       64.00 MB reserved,      55.06 MB ( 86%) committed,  1 nodes.
      Class space:        1.00 GB reserved,       7.31 MB ( <1%) committed,  1 nodes.
             Both:        1.06 GB reserved,      62.38 MB (  6%) committed. 

Chunk freelists:
   Non-Class:  8.88 MB
       Class:  8.52 MB
        Both:  17.39 MB

MaxMetaspaceSize: unlimited
CompressedClassSpaceSize: 1.00 GB
Initial GC threshold: 21.00 MB
Current GC threshold: 97.31 MB
CDS: on
 - commit_granule_bytes: 65536.
 - commit_granule_words: 8192.
 - virtual_space_node_default_size: 8388608.
 - enlarge_chunks_in_place: 1.
 - use_allocation_guard: 0.


Internal statistics:

num_allocs_failed_limit: 11.
num_arena_births: 1102.
num_arena_deaths: 14.
num_vsnodes_births: 2.
num_vsnodes_deaths: 0.
num_space_committed: 998.
num_space_uncommitted: 0.
num_chunks_returned_to_freelist: 25.
num_chunks_taken_from_freelist: 3829.
num_chunk_merges: 14.
num_chunk_splits: 2357.
num_chunks_enlarged: 1336.
num_inconsistent_stats: 0.

CodeHeap 'non-profiled nmethods': size=120000Kb used=4691Kb max_used=4691Kb free=115308Kb
 bounds [0x00000241c9200000, 0x00000241c96a0000, 0x00000241d0730000]
CodeHeap 'profiled nmethods': size=120000Kb used=15930Kb max_used=15930Kb free=104069Kb
 bounds [0x00000241c1730000, 0x00000241c26c0000, 0x00000241c8c60000]
CodeHeap 'non-nmethods': size=5760Kb used=1454Kb max_used=1500Kb free=4306Kb
 bounds [0x00000241c8c60000, 0x00000241c8ed0000, 0x00000241c9200000]
CodeCache: size=245760Kb, used=22075Kb, max_used=22121Kb, free=223683Kb
 total_blobs=8546, nmethods=7779, adapters=673, full_count=0
Compilation: enabled, stopped_count=0, restarted_count=0

Compilation events (20 events):
Event: 25.128 Thread 0x00000242173914a0 nmethod 8512 0x00000241c26acc90 code [0x00000241c26acf80, 0x00000241c26adea0]
Event: 25.128 Thread 0x00000242173914a0 8513   !   3       org.apache.maven.model.Plugin::clone (204 bytes)
Event: 25.128 Thread 0x000002421deebd40 8516       4       java.lang.String::indexOf (101 bytes)
Event: 25.130 Thread 0x00000242173914a0 nmethod 8513 0x00000241c26ae510 code [0x00000241c26ae900, 0x00000241c26b0488]
Event: 25.130 Thread 0x00000242173914a0 8515       3       org.codehaus.plexus.interpolation.reflection.ReflectionValueExtractor$Tokenizer::getPosition (23 bytes)
Event: 25.131 Thread 0x00000242173914a0 nmethod 8515 0x00000241c26b1090 code [0x00000241c26b1240, 0x00000241c26b14b8]
Event: 25.132 Thread 0x000002421deebd40 nmethod 8516 0x00000241c968d410 code [0x00000241c968d5c0, 0x00000241c968d948]
Event: 25.163 Thread 0x000002421deebd40 8517       4       org.codehaus.plexus.util.xml.pull.MXParser::getText (125 bytes)
Event: 25.163 Thread 0x00000242173914a0 8518       3       org.eclipse.sisu.wire.EntryListAdapter$ValueIterator::hasNext (10 bytes)
Event: 25.164 Thread 0x00000242173914a0 nmethod 8518 0x00000241c26b1610 code [0x00000241c26b17c0, 0x00000241c26b1998]
Event: 25.164 Thread 0x00000242173914a0 8521       3       org.apache.maven.model.ConfigurationContainer::<init> (10 bytes)
Event: 25.164 Thread 0x00000242173914a0 nmethod 8521 0x00000241c26b1a90 code [0x00000241c26b1c40, 0x00000241c26b1da8]
Event: 25.164 Thread 0x00000242173914a0 8519       3       org.apache.maven.model.merge.ModelMerger::merge (15 bytes)
Event: 25.164 Thread 0x00000242173914a0 nmethod 8519 0x00000241c26b1e90 code [0x00000241c26b2040, 0x00000241c26b2280]
Event: 25.164 Thread 0x00000242173914a0 8520       3       org.apache.maven.model.merge.ModelMerger::merge (74 bytes)
Event: 25.164 Thread 0x00000242173914a0 nmethod 8520 0x00000241c26b2410 code [0x00000241c26b26a0, 0x00000241c26b3270]
Event: 25.164 Thread 0x00000242173914a0 8522       3       org.apache.maven.model.validation.DefaultModelValidator::isValidId (34 bytes)
Event: 25.165 Thread 0x00000242173914a0 nmethod 8522 0x00000241c26b3690 code [0x00000241c26b38c0, 0x00000241c26b4098]
Event: 25.165 Thread 0x00000242173914a0 8523       3       org.apache.maven.model.validation.DefaultModelValidator::validateId (120 bytes)
Event: 26.149 Thread 0x00000242173914a0 nmethod 8523 0x00000241c26b4410 code [0x00000241c26b47c0, 0x00000241c26b5c50]

GC Heap History (20 events):
Event: 13.800 GC heap before
{Heap before GC invocations=33 (full 2):
 PSYoungGen      total 20992K, used 20832K [0x00000000d5580000, 0x00000000d6c00000, 0x0000000100000000)
  eden space 18944K, 100% used [0x00000000d5580000,0x00000000d6800000,0x00000000d6800000)
  from space 2048K, 92% used [0x00000000d6a00000,0x00000000d6bd8010,0x00000000d6c00000)
  to   space 2048K, 0% used [0x00000000d6800000,0x00000000d6800000,0x00000000d6a00000)
 ParOldGen       total 68608K, used 49135K [0x0000000080000000, 0x0000000084300000, 0x00000000d5580000)
  object space 68608K, 71% used [0x0000000080000000,0x0000000082ffbd28,0x0000000084300000)
 Metaspace       used 53449K, committed 54784K, reserved 1114112K
  class space    used 5909K, committed 6528K, reserved 1048576K
}
Event: 13.806 GC heap after
{Heap after GC invocations=33 (full 2):
 PSYoungGen      total 20992K, used 1688K [0x00000000d5580000, 0x00000000d6c00000, 0x0000000100000000)
  eden space 18944K, 0% used [0x00000000d5580000,0x00000000d5580000,0x00000000d6800000)
  from space 2048K, 82% used [0x00000000d6800000,0x00000000d69a6200,0x00000000d6a00000)
  to   space 2048K, 0% used [0x00000000d6a00000,0x00000000d6a00000,0x00000000d6c00000)
 ParOldGen       total 68608K, used 50911K [0x0000000080000000, 0x0000000084300000, 0x00000000d5580000)
  object space 68608K, 74% used [0x0000000080000000,0x00000000831b7d38,0x0000000084300000)
 Metaspace       used 53449K, committed 54784K, reserved 1114112K
  class space    used 5909K, committed 6528K, reserved 1048576K
}
Event: 14.424 GC heap before
{Heap before GC invocations=34 (full 2):
 PSYoungGen      total 20992K, used 20572K [0x00000000d5580000, 0x00000000d6c00000, 0x0000000100000000)
  eden space 18944K, 99% used [0x00000000d5580000,0x00000000d67f0f58,0x00000000d6800000)
  from space 2048K, 82% used [0x00000000d6800000,0x00000000d69a6200,0x00000000d6a00000)
  to   space 2048K, 0% used [0x00000000d6a00000,0x00000000d6a00000,0x00000000d6c00000)
 ParOldGen       total 68608K, used 50911K [0x0000000080000000, 0x0000000084300000, 0x00000000d5580000)
  object space 68608K, 74% used [0x0000000080000000,0x00000000831b7d38,0x0000000084300000)
 Metaspace       used 55319K, committed 56704K, reserved 1114112K
  class space    used 6158K, committed 6784K, reserved 1048576K
}
Event: 14.429 GC heap after
{Heap after GC invocations=34 (full 2):
 PSYoungGen      total 19968K, used 888K [0x00000000d5580000, 0x00000000d6b00000, 0x0000000100000000)
  eden space 18944K, 0% used [0x00000000d5580000,0x00000000d5580000,0x00000000d6800000)
  from space 1024K, 86% used [0x00000000d6a00000,0x00000000d6ade2e8,0x00000000d6b00000)
  to   space 1536K, 0% used [0x00000000d6800000,0x00000000d6800000,0x00000000d6980000)
 ParOldGen       total 68608K, used 52492K [0x0000000080000000, 0x0000000084300000, 0x00000000d5580000)
  object space 68608K, 76% used [0x0000000080000000,0x0000000083343290,0x0000000084300000)
 Metaspace       used 55319K, committed 56704K, reserved 1114112K
  class space    used 6158K, committed 6784K, reserved 1048576K
}
Event: 15.573 GC heap before
{Heap before GC invocations=35 (full 2):
 PSYoungGen      total 19968K, used 19832K [0x00000000d5580000, 0x00000000d6b00000, 0x0000000100000000)
  eden space 18944K, 100% used [0x00000000d5580000,0x00000000d6800000,0x00000000d6800000)
  from space 1024K, 86% used [0x00000000d6a00000,0x00000000d6ade2e8,0x00000000d6b00000)
  to   space 1536K, 0% used [0x00000000d6800000,0x00000000d6800000,0x00000000d6980000)
 ParOldGen       total 68608K, used 52492K [0x0000000080000000, 0x0000000084300000, 0x00000000d5580000)
  object space 68608K, 76% used [0x0000000080000000,0x0000000083343290,0x0000000084300000)
 Metaspace       used 56102K, committed 57472K, reserved 1114112K
  class space    used 6258K, committed 6848K, reserved 1048576K
}
Event: 15.577 GC heap after
{Heap after GC invocations=35 (full 2):
 PSYoungGen      total 20480K, used 384K [0x00000000d5580000, 0x00000000d6a80000, 0x0000000100000000)
  eden space 18944K, 0% used [0x00000000d5580000,0x00000000d5580000,0x00000000d6800000)
  from space 1536K, 25% used [0x00000000d6800000,0x00000000d6860000,0x00000000d6980000)
  to   space 1024K, 0% used [0x00000000d6980000,0x00000000d6980000,0x00000000d6a80000)
 ParOldGen       total 68608K, used 53183K [0x0000000080000000, 0x0000000084300000, 0x00000000d5580000)
  object space 68608K, 77% used [0x0000000080000000,0x00000000833efd00,0x0000000084300000)
 Metaspace       used 56102K, committed 57472K, reserved 1114112K
  class space    used 6258K, committed 6848K, reserved 1048576K
}
Event: 15.926 GC heap before
{Heap before GC invocations=36 (full 2):
 PSYoungGen      total 20480K, used 19328K [0x00000000d5580000, 0x00000000d6a80000, 0x0000000100000000)
  eden space 18944K, 100% used [0x00000000d5580000,0x00000000d6800000,0x00000000d6800000)
  from space 1536K, 25% used [0x00000000d6800000,0x00000000d6860000,0x00000000d6980000)
  to   space 1024K, 0% used [0x00000000d6980000,0x00000000d6980000,0x00000000d6a80000)
 ParOldGen       total 68608K, used 53183K [0x0000000080000000, 0x0000000084300000, 0x00000000d5580000)
  object space 68608K, 77% used [0x0000000080000000,0x00000000833efd00,0x0000000084300000)
 Metaspace       used 57100K, committed 58496K, reserved 1114112K
  class space    used 6335K, committed 6912K, reserved 1048576K
}
Event: 15.929 GC heap after
{Heap after GC invocations=36 (full 2):
 PSYoungGen      total 19456K, used 1011K [0x00000000d5580000, 0x00000000d6c00000, 0x0000000100000000)
  eden space 18432K, 0% used [0x00000000d5580000,0x00000000d5580000,0x00000000d6780000)
  from space 1024K, 98% used [0x00000000d6980000,0x00000000d6a7ce68,0x00000000d6a80000)
  to   space 2048K, 0% used [0x00000000d6780000,0x00000000d6780000,0x00000000d6980000)
 ParOldGen       total 68608K, used 53710K [0x0000000080000000, 0x0000000084300000, 0x00000000d5580000)
  object space 68608K, 78% used [0x0000000080000000,0x0000000083473828,0x0000000084300000)
 Metaspace       used 57100K, committed 58496K, reserved 1114112K
  class space    used 6335K, committed 6912K, reserved 1048576K
}
Event: 16.042 GC heap before
{Heap before GC invocations=37 (full 2):
 PSYoungGen      total 19456K, used 19443K [0x00000000d5580000, 0x00000000d6c00000, 0x0000000100000000)
  eden space 18432K, 100% used [0x00000000d5580000,0x00000000d6780000,0x00000000d6780000)
  from space 1024K, 98% used [0x00000000d6980000,0x00000000d6a7ce68,0x00000000d6a80000)
  to   space 2048K, 0% used [0x00000000d6780000,0x00000000d6780000,0x00000000d6980000)
 ParOldGen       total 68608K, used 53710K [0x0000000080000000, 0x0000000084300000, 0x00000000d5580000)
  object space 68608K, 78% used [0x0000000080000000,0x0000000083473828,0x0000000084300000)
 Metaspace       used 57119K, committed 58496K, reserved 1114112K
  class space    used 6335K, committed 6912K, reserved 1048576K
}
Event: 16.044 GC heap after
{Heap after GC invocations=37 (full 2):
 PSYoungGen      total 19456K, used 694K [0x00000000d5580000, 0x00000000d6a00000, 0x0000000100000000)
  eden space 18432K, 0% used [0x00000000d5580000,0x00000000d5580000,0x00000000d6780000)
  from space 1024K, 67% used [0x00000000d6780000,0x00000000d682d9f8,0x00000000d6880000)
  to   space 1024K, 0% used [0x00000000d6900000,0x00000000d6900000,0x00000000d6a00000)
 ParOldGen       total 68608K, used 54323K [0x0000000080000000, 0x0000000084300000, 0x00000000d5580000)
  object space 68608K, 79% used [0x0000000080000000,0x000000008350ce78,0x0000000084300000)
 Metaspace       used 57119K, committed 58496K, reserved 1114112K
  class space    used 6335K, committed 6912K, reserved 1048576K
}
Event: 16.320 GC heap before
{Heap before GC invocations=38 (full 2):
 PSYoungGen      total 19456K, used 17039K [0x00000000d5580000, 0x00000000d6a00000, 0x0000000100000000)
  eden space 18432K, 88% used [0x00000000d5580000,0x00000000d65765e0,0x00000000d6780000)
  from space 1024K, 67% used [0x00000000d6780000,0x00000000d682d9f8,0x00000000d6880000)
  to   space 1024K, 0% used [0x00000000d6900000,0x00000000d6900000,0x00000000d6a00000)
 ParOldGen       total 68608K, used 54323K [0x0000000080000000, 0x0000000084300000, 0x00000000d5580000)
  object space 68608K, 79% used [0x0000000080000000,0x000000008350ce78,0x0000000084300000)
 Metaspace       used 58436K, committed 59776K, reserved 1114112K
  class space    used 6476K, committed 7040K, reserved 1048576K
}
Event: 16.322 GC heap after
{Heap after GC invocations=38 (full 2):
 PSYoungGen      total 19456K, used 672K [0x00000000d5580000, 0x00000000d6a00000, 0x0000000100000000)
  eden space 18432K, 0% used [0x00000000d5580000,0x00000000d5580000,0x00000000d6780000)
  from space 1024K, 65% used [0x00000000d6900000,0x00000000d69a8170,0x00000000d6a00000)
  to   space 1024K, 0% used [0x00000000d6780000,0x00000000d6780000,0x00000000d6880000)
 ParOldGen       total 68608K, used 54347K [0x0000000080000000, 0x0000000084300000, 0x00000000d5580000)
  object space 68608K, 79% used [0x0000000080000000,0x0000000083512e78,0x0000000084300000)
 Metaspace       used 58436K, committed 59776K, reserved 1114112K
  class space    used 6476K, committed 7040K, reserved 1048576K
}
Event: 16.322 GC heap before
{Heap before GC invocations=39 (full 3):
 PSYoungGen      total 19456K, used 672K [0x00000000d5580000, 0x00000000d6a00000, 0x0000000100000000)
  eden space 18432K, 0% used [0x00000000d5580000,0x00000000d5580000,0x00000000d6780000)
  from space 1024K, 65% used [0x00000000d6900000,0x00000000d69a8170,0x00000000d6a00000)
  to   space 1024K, 0% used [0x00000000d6780000,0x00000000d6780000,0x00000000d6880000)
 ParOldGen       total 68608K, used 54347K [0x0000000080000000, 0x0000000084300000, 0x00000000d5580000)
  object space 68608K, 79% used [0x0000000080000000,0x0000000083512e78,0x0000000084300000)
 Metaspace       used 58436K, committed 59776K, reserved 1114112K
  class space    used 6476K, committed 7040K, reserved 1048576K
}
Event: 16.551 GC heap after
{Heap after GC invocations=39 (full 3):
 PSYoungGen      total 19456K, used 0K [0x00000000d5580000, 0x00000000d6a00000, 0x0000000100000000)
  eden space 18432K, 0% used [0x00000000d5580000,0x00000000d5580000,0x00000000d6780000)
  from space 1024K, 0% used [0x00000000d6900000,0x00000000d6900000,0x00000000d6a00000)
  to   space 1024K, 0% used [0x00000000d6780000,0x00000000d6780000,0x00000000d6880000)
 ParOldGen       total 68608K, used 47861K [0x0000000080000000, 0x0000000084300000, 0x00000000d5580000)
  object space 68608K, 69% used [0x0000000080000000,0x0000000082ebd7c0,0x0000000084300000)
 Metaspace       used 58436K, committed 59776K, reserved 1114112K
  class space    used 6476K, committed 7040K, reserved 1048576K
}
Event: 17.537 GC heap before
{Heap before GC invocations=40 (full 3):
 PSYoungGen      total 19456K, used 18432K [0x00000000d5580000, 0x00000000d6a00000, 0x0000000100000000)
  eden space 18432K, 100% used [0x00000000d5580000,0x00000000d6780000,0x00000000d6780000)
  from space 1024K, 0% used [0x00000000d6900000,0x00000000d6900000,0x00000000d6a00000)
  to   space 1024K, 0% used [0x00000000d6780000,0x00000000d6780000,0x00000000d6880000)
 ParOldGen       total 68608K, used 47861K [0x0000000080000000, 0x0000000084300000, 0x00000000d5580000)
  object space 68608K, 69% used [0x0000000080000000,0x0000000082ebd7c0,0x0000000084300000)
 Metaspace       used 60319K, committed 61760K, reserved 1114112K
  class space    used 6665K, committed 7296K, reserved 1048576K
}
Event: 17.544 GC heap after
{Heap after GC invocations=40 (full 3):
 PSYoungGen      total 19456K, used 999K [0x00000000d5580000, 0x00000000d7180000, 0x0000000100000000)
  eden space 18432K, 0% used [0x00000000d5580000,0x00000000d5580000,0x00000000d6780000)
  from space 1024K, 97% used [0x00000000d6780000,0x00000000d6879e80,0x00000000d6880000)
  to   space 5120K, 0% used [0x00000000d6c80000,0x00000000d6c80000,0x00000000d7180000)
 ParOldGen       total 68608K, used 51061K [0x0000000080000000, 0x0000000084300000, 0x00000000d5580000)
  object space 68608K, 74% used [0x0000000080000000,0x00000000831dd640,0x0000000084300000)
 Metaspace       used 60319K, committed 61760K, reserved 1114112K
  class space    used 6665K, committed 7296K, reserved 1048576K
}
Event: 20.715 GC heap before
{Heap before GC invocations=41 (full 3):
 PSYoungGen      total 19456K, used 19431K [0x00000000d5580000, 0x00000000d7180000, 0x0000000100000000)
  eden space 18432K, 99% used [0x00000000d5580000,0x00000000d677fff0,0x00000000d6780000)
  from space 1024K, 97% used [0x00000000d6780000,0x00000000d6879e80,0x00000000d6880000)
  to   space 5120K, 0% used [0x00000000d6c80000,0x00000000d6c80000,0x00000000d7180000)
 ParOldGen       total 68608K, used 51061K [0x0000000080000000, 0x0000000084300000, 0x00000000d5580000)
  object space 68608K, 74% used [0x0000000080000000,0x00000000831dd640,0x0000000084300000)
 Metaspace       used 61932K, committed 63360K, reserved 1114112K
  class space    used 6801K, committed 7424K, reserved 1048576K
}
Event: 20.718 GC heap after
{Heap after GC invocations=41 (full 3):
 PSYoungGen      total 20480K, used 1555K [0x00000000d5580000, 0x00000000d6e80000, 0x0000000100000000)
  eden space 18432K, 0% used [0x00000000d5580000,0x00000000d5580000,0x00000000d6780000)
  from space 2048K, 75% used [0x00000000d6c80000,0x00000000d6e04d10,0x00000000d6e80000)
  to   space 2560K, 0% used [0x00000000d6980000,0x00000000d6980000,0x00000000d6c00000)
 ParOldGen       total 68608K, used 51540K [0x0000000080000000, 0x0000000084300000, 0x00000000d5580000)
  object space 68608K, 75% used [0x0000000080000000,0x0000000083255150,0x0000000084300000)
 Metaspace       used 61932K, committed 63360K, reserved 1114112K
  class space    used 6801K, committed 7424K, reserved 1048576K
}
Event: 22.989 GC heap before
{Heap before GC invocations=42 (full 3):
 PSYoungGen      total 20480K, used 19987K [0x00000000d5580000, 0x00000000d6e80000, 0x0000000100000000)
  eden space 18432K, 100% used [0x00000000d5580000,0x00000000d6780000,0x00000000d6780000)
  from space 2048K, 75% used [0x00000000d6c80000,0x00000000d6e04d10,0x00000000d6e80000)
  to   space 2560K, 0% used [0x00000000d6980000,0x00000000d6980000,0x00000000d6c00000)
 ParOldGen       total 68608K, used 51540K [0x0000000080000000, 0x0000000084300000, 0x00000000d5580000)
  object space 68608K, 75% used [0x0000000080000000,0x0000000083255150,0x0000000084300000)
 Metaspace       used 62404K, committed 63808K, reserved 1114112K
  class space    used 6850K, committed 7488K, reserved 1048576K
}
Event: 22.993 GC heap after
{Heap after GC invocations=42 (full 3):
 PSYoungGen      total 19968K, used 1511K [0x00000000d5580000, 0x00000000d6d00000, 0x0000000100000000)
  eden space 18432K, 0% used [0x00000000d5580000,0x00000000d5580000,0x00000000d6780000)
  from space 1536K, 98% used [0x00000000d6980000,0x00000000d6af9c98,0x00000000d6b00000)
  to   space 2048K, 0% used [0x00000000d6b00000,0x00000000d6b00000,0x00000000d6d00000)
 ParOldGen       total 68608K, used 52879K [0x0000000080000000, 0x0000000084300000, 0x00000000d5580000)
  object space 68608K, 77% used [0x0000000080000000,0x00000000833a3d98,0x0000000084300000)
 Metaspace       used 62404K, committed 63808K, reserved 1114112K
  class space    used 6850K, committed 7488K, reserved 1048576K
}

Dll operation events (12 events):
Event: 0.011 Loaded shared library c:\Users\Suchithra R\.vscode\extensions\redhat.java-1.54.0-win32-x64\jre\21.0.10-win32-x86_64\bin\java.dll
Event: 0.054 Loaded shared library c:\Users\Suchithra R\.vscode\extensions\redhat.java-1.54.0-win32-x64\jre\21.0.10-win32-x86_64\bin\zip.dll
Event: 0.076 Loaded shared library C:\Users\Suchithra R\.vscode\extensions\redhat.java-1.54.0-win32-x64\jre\21.0.10-win32-x86_64\bin\instrument.dll
Event: 0.083 Loaded shared library C:\Users\Suchithra R\.vscode\extensions\redhat.java-1.54.0-win32-x64\jre\21.0.10-win32-x86_64\bin\net.dll
Event: 0.089 Loaded shared library C:\Users\Suchithra R\.vscode\extensions\redhat.java-1.54.0-win32-x64\jre\21.0.10-win32-x86_64\bin\nio.dll
Event: 0.092 Loaded shared library C:\Users\Suchithra R\.vscode\extensions\redhat.java-1.54.0-win32-x64\jre\21.0.10-win32-x86_64\bin\zip.dll
Event: 0.109 Loaded shared library C:\Users\Suchithra R\.vscode\extensions\redhat.java-1.54.0-win32-x64\jre\21.0.10-win32-x86_64\bin\jimage.dll
Event: 0.169 Loaded shared library c:\Users\Suchithra R\.vscode\extensions\redhat.java-1.54.0-win32-x64\jre\21.0.10-win32-x86_64\bin\verify.dll
Event: 1.185 Loaded shared library C:\Users\Suchithra R\AppData\Roaming\Code\User\globalStorage\redhat.java\1.54.0\config_win\org.eclipse.equinox.launcher\org.eclipse.equinox.launcher.win32.win32.x86_64_1.3.0.v20260203-2149\eclipse_11919.dll
Event: 5.138 Loaded shared library C:\Users\Suchithra R\AppData\Local\Temp\jna--201911177\jna15726540101700349404.dll
Event: 7.878 Loaded shared library C:\Users\Suchithra R\.vscode\extensions\redhat.java-1.54.0-win32-x64\jre\21.0.10-win32-x86_64\bin\sunmscapi.dll
Event: 8.028 Loaded shared library C:\Users\Suchithra R\.vscode\extensions\redhat.java-1.54.0-win32-x64\jre\21.0.10-win32-x86_64\bin\extnet.dll

Deoptimization events (20 events):
Event: 22.979 Thread 0x000002421d45f430 Uncommon trap: trap_request=0xffffffde fr.pc=0x00000241c93c1a48 relative=0x00000000000000a8
Event: 22.979 Thread 0x000002421d45f430 Uncommon trap: reason=class_check action=maybe_recompile pc=0x00000241c93c1a48 method=java.util.regex.Pattern.lambda$negate$7(Ljava/util/regex/Pattern$CharPredicate;I)Z @ 2 c2
Event: 22.979 Thread 0x000002421d45f430 DEOPT PACKING pc=0x00000241c93c1a48 sp=0x0000007344cfd4d0
Event: 22.979 Thread 0x000002421d45f430 DEOPT UNPACKING pc=0x00000241c8cb3aa2 sp=0x0000007344cfd400 mode 2
Event: 25.058 Thread 0x000002421d45f430 Uncommon trap: trap_request=0xffffff45 fr.pc=0x00000241c94c5fec relative=0x0000000000001a8c
Event: 25.058 Thread 0x000002421d45f430 Uncommon trap: reason=unstable_if action=reinterpret pc=0x00000241c94c5fec method=java.lang.String.<init>(Ljava/nio/charset/Charset;[BII)V @ 97 c2
Event: 25.058 Thread 0x000002421d45f430 DEOPT PACKING pc=0x00000241c94c5fec sp=0x0000007344cfd3c0
Event: 25.058 Thread 0x000002421d45f430 DEOPT UNPACKING pc=0x00000241c8cb3aa2 sp=0x0000007344cfd360 mode 2
Event: 25.058 Thread 0x000002421d45f430 Uncommon trap: trap_request=0xffffff45 fr.pc=0x00000241c92f48ac relative=0x000000000000062c
Event: 25.058 Thread 0x000002421d45f430 Uncommon trap: reason=unstable_if action=reinterpret pc=0x00000241c92f48ac method=java.lang.String.decodeASCII([BI[CII)I @ 13 c2
Event: 25.058 Thread 0x000002421d45f430 DEOPT PACKING pc=0x00000241c92f48ac sp=0x0000007344cfd180
Event: 25.058 Thread 0x000002421d45f430 DEOPT UNPACKING pc=0x00000241c8cb3aa2 sp=0x0000007344cfcfa8 mode 2
Event: 25.100 Thread 0x000002421d45f430 Uncommon trap: trap_request=0xffffff45 fr.pc=0x00000241c955e588 relative=0x0000000000000068
Event: 25.100 Thread 0x000002421d45f430 Uncommon trap: reason=unstable_if action=reinterpret pc=0x00000241c955e588 method=java.util.stream.StreamOpFlag.fromCharacteristics(Ljava/util/Spliterator;)I @ 10 c2
Event: 25.100 Thread 0x000002421d45f430 DEOPT PACKING pc=0x00000241c955e588 sp=0x0000007344cfd850
Event: 25.100 Thread 0x000002421d45f430 DEOPT UNPACKING pc=0x00000241c8cb3aa2 sp=0x0000007344cfd7e8 mode 2
Event: 25.129 Thread 0x000002421d45f430 Uncommon trap: trap_request=0xffffff45 fr.pc=0x00000241c9466484 relative=0x0000000000000324
Event: 25.129 Thread 0x000002421d45f430 Uncommon trap: reason=unstable_if action=reinterpret pc=0x00000241c9466484 method=java.lang.ThreadLocal$ThreadLocalMap.set(Ljava/lang/ThreadLocal;Ljava/lang/Object;)V @ 116 c2
Event: 25.129 Thread 0x000002421d45f430 DEOPT PACKING pc=0x00000241c9466484 sp=0x0000007344cfd4b0
Event: 25.129 Thread 0x000002421d45f430 DEOPT UNPACKING pc=0x00000241c8cb3aa2 sp=0x0000007344cfd438 mode 2

Classes loaded (20 events):
Event: 17.016 Loading class java/util/WeakHashMap$KeyIterator
Event: 17.016 Loading class java/util/WeakHashMap$KeyIterator done
Event: 17.054 Loading class java/util/concurrent/CompletableFuture$UniApply
Event: 17.055 Loading class java/util/concurrent/CompletableFuture$UniCompletion
Event: 17.055 Loading class java/util/concurrent/CompletableFuture$UniCompletion done
Event: 17.055 Loading class java/util/concurrent/CompletableFuture$UniApply done
Event: 17.056 Loading class java/util/concurrent/CompletableFuture$UniAccept
Event: 17.056 Loading class java/util/concurrent/CompletableFuture$UniAccept done
Event: 17.056 Loading class java/util/concurrent/CompletableFuture$UniExceptionally
Event: 17.057 Loading class java/util/concurrent/CompletableFuture$UniExceptionally done
Event: 17.511 Loading class java/util/Hashtable$KeySet
Event: 17.511 Loading class java/util/Hashtable$KeySet done
Event: 17.694 Loading class java/lang/UnsupportedClassVersionError
Event: 17.694 Loading class java/lang/UnsupportedClassVersionError done
Event: 19.042 Loading class sun/security/ssl/Alert
Event: 19.098 Loading class sun/security/ssl/Alert done
Event: 19.099 Loading class sun/security/ssl/Alert$AlertConsumer
Event: 19.099 Loading class sun/security/ssl/Alert$AlertConsumer done
Event: 19.099 Loading class sun/security/ssl/Alert$Level
Event: 19.100 Loading class sun/security/ssl/Alert$Level done

Classes unloaded (7 events):
Event: 6.110 Thread 0x00000241be5d0af0 Unloading class 0x00000241d61ad400 'java/lang/invoke/LambdaForm$MH+0x00000241d61ad400'
Event: 6.110 Thread 0x00000241be5d0af0 Unloading class 0x00000241d61ad000 'java/lang/invoke/LambdaForm$MH+0x00000241d61ad000'
Event: 6.110 Thread 0x00000241be5d0af0 Unloading class 0x00000241d61acc00 'java/lang/invoke/LambdaForm$MH+0x00000241d61acc00'
Event: 6.110 Thread 0x00000241be5d0af0 Unloading class 0x00000241d61ac800 'java/lang/invoke/LambdaForm$MH+0x00000241d61ac800'
Event: 6.110 Thread 0x00000241be5d0af0 Unloading class 0x00000241d61ac400 'java/lang/invoke/LambdaForm$BMH+0x00000241d61ac400'
Event: 6.110 Thread 0x00000241be5d0af0 Unloading class 0x00000241d61ac000 'java/lang/invoke/LambdaForm$DMH+0x00000241d61ac000'
Event: 6.110 Thread 0x00000241be5d0af0 Unloading class 0x00000241d61aac00 'java/lang/invoke/LambdaForm$DMH+0x00000241d61aac00'

Classes redefined (0 events):
No events

Internal exceptions (20 events):
Event: 17.115 Thread 0x000002421d947aa0 Exception <a 'java/lang/IncompatibleClassChangeError'{0x00000000d5e0ca20}: Found class java.lang.Object, but interface was expected> (0x00000000d5e0ca20) 
thrown [s\src\hotspot\share\interpreter\linkResolver.cpp, line 840]
Event: 17.231 Thread 0x000002421d947aa0 Exception <a 'java/lang/IncompatibleClassChangeError'{0x00000000d61c4020}: Found class java.lang.Object, but interface was expected> (0x00000000d61c4020) 
thrown [s\src\hotspot\share\interpreter\linkResolver.cpp, line 840]
Event: 17.238 Thread 0x000002421d947aa0 Exception <a 'java/lang/IncompatibleClassChangeError'{0x00000000d61d0d98}: Found class java.lang.Object, but interface was expected> (0x00000000d61d0d98) 
thrown [s\src\hotspot\share\interpreter\linkResolver.cpp, line 840]
Event: 17.518 Thread 0x000002421d45f430 Exception <a 'java/io/FileNotFoundException'{0x00000000d66e2a10}> (0x00000000d66e2a10) 
thrown [s\src\hotspot\share\prims\jni.cpp, line 520]
Event: 17.519 Thread 0x000002421d45f430 Exception <a 'java/io/FileNotFoundException'{0x00000000d66e3c90}> (0x00000000d66e3c90) 
thrown [s\src\hotspot\share\prims\jni.cpp, line 520]
Event: 17.520 Thread 0x000002421d45f430 Exception <a 'java/io/FileNotFoundException'{0x00000000d66e4a18}> (0x00000000d66e4a18) 
thrown [s\src\hotspot\share\prims\jni.cpp, line 520]
Event: 17.563 Thread 0x000002421d949b70 Implicit null exception at 0x00000241c9329962 to 0x00000241c932a71c
Event: 17.564 Thread 0x000002421d45eda0 Exception <a 'java/lang/NoSuchMethodError'{0x00000000d55d4398}: 'java.lang.Object java.lang.invoke.DirectMethodHandle$Holder.invokeSpecial(java.lang.Object, java.lang.Object, int, long)'> (0x00000000d55d4398) 
thrown [s\src\hotspot\share\interpreter\linkResolver.cpp, line 773]
Event: 17.648 Thread 0x000002421d45f430 Exception <a 'sun/nio/fs/WindowsException'{0x00000000d58f99d8}> (0x00000000d58f99d8) 
thrown [s\src\hotspot\share\prims\jni.cpp, line 520]
Event: 17.648 Thread 0x000002421d45f430 Exception <a 'sun/nio/fs/WindowsException'{0x00000000d5910c80}> (0x00000000d5910c80) 
thrown [s\src\hotspot\share\prims\jni.cpp, line 520]
Event: 17.650 Thread 0x000002421d94d680 Exception <a 'java/lang/ArrayIndexOutOfBoundsException'{0x00000000d5915dc8}: Index 483 out of bounds for length 482> (0x00000000d5915dc8) 
thrown [s\src\hotspot\share\interpreter\interpreterRuntime.cpp, line 439]
Event: 17.652 Thread 0x000002421d45f430 Exception <a 'sun/nio/fs/WindowsException'{0x00000000d59119a8}> (0x00000000d59119a8) 
thrown [s\src\hotspot\share\prims\jni.cpp, line 520]
Event: 17.652 Thread 0x000002421d45f430 Exception <a 'sun/nio/fs/WindowsException'{0x00000000d5911fd8}> (0x00000000d5911fd8) 
thrown [s\src\hotspot\share\prims\jni.cpp, line 520]
Event: 17.677 Thread 0x000002421d45f430 Exception <a 'java/io/FileNotFoundException'{0x00000000d5993090}> (0x00000000d5993090) 
thrown [s\src\hotspot\share\prims\jni.cpp, line 520]
Event: 17.678 Thread 0x000002421d45f430 Exception <a 'java/io/FileNotFoundException'{0x00000000d5993e38}> (0x00000000d5993e38) 
thrown [s\src\hotspot\share\prims\jni.cpp, line 520]
Event: 17.697 Thread 0x000002421d45f430 Exception <a 'sun/nio/fs/WindowsException'{0x00000000d5a39150}> (0x00000000d5a39150) 
thrown [s\src\hotspot\share\prims\jni.cpp, line 520]
Event: 17.697 Thread 0x000002421d45f430 Exception <a 'sun/nio/fs/WindowsException'{0x00000000d5a39780}> (0x00000000d5a39780) 
thrown [s\src\hotspot\share\prims\jni.cpp, line 520]
Event: 17.720 Thread 0x000002421d94a890 Exception <a 'java/lang/NoSuchMethodError'{0x00000000d5af3140}: 'int java.lang.invoke.Invokers$Holder.invokeExact_MT(java.lang.Object, java.lang.Object)'> (0x00000000d5af3140) 
thrown [s\src\hotspot\share\interpreter\linkResolver.cpp, line 773]
Event: 21.830 Thread 0x000002421d45f430 Exception <a 'java/lang/NoSuchMethodError'{0x00000000d601c338}: 'void java.lang.invoke.DirectMethodHandle$Holder.invokeStatic(java.lang.Object, java.lang.Object, java.lang.Object, int)'> (0x00000000d601c338) 
thrown [s\src\hotspot\share\interpreter\linkResolver.cpp, line 773]
Event: 21.852 Thread 0x000002421d45f430 Exception <a 'java/lang/NoSuchMethodError'{0x00000000d6072330}: 'void java.lang.invoke.DirectMethodHandle$Holder.invokeVirtual(java.lang.Object, java.lang.Object, int)'> (0x00000000d6072330) 
thrown [s\src\hotspot\share\interpreter\linkResolver.cpp, line 773]

ZGC Phase Switch (0 events):
No events

VM Operations (20 events):
Event: 16.044 Executing safepoint VM operation: ParallelGCFailedAllocation (Allocation Failure) done
Event: 16.320 Executing safepoint VM operation: CollectForMetadataAllocation (Metadata GC Threshold)
Event: 16.551 Executing safepoint VM operation: CollectForMetadataAllocation (Metadata GC Threshold) done
Event: 17.527 Executing safepoint VM operation: ParallelGCFailedAllocation (Allocation Failure)
Event: 17.544 Executing safepoint VM operation: ParallelGCFailedAllocation (Allocation Failure) done
Event: 17.752 Executing non-safepoint VM operation: HandshakeAllThreads (Deoptimize)
Event: 17.752 Executing non-safepoint VM operation: HandshakeAllThreads (Deoptimize) done
Event: 18.759 Executing safepoint VM operation: Cleanup
Event: 18.759 Executing safepoint VM operation: Cleanup done
Event: 19.760 Executing safepoint VM operation: Cleanup
Event: 19.760 Executing safepoint VM operation: Cleanup done
Event: 20.715 Executing safepoint VM operation: ParallelGCFailedAllocation (Allocation Failure)
Event: 20.718 Executing safepoint VM operation: ParallelGCFailedAllocation (Allocation Failure) done
Event: 21.730 Executing safepoint VM operation: Cleanup
Event: 21.730 Executing safepoint VM operation: Cleanup done
Event: 22.744 Executing safepoint VM operation: Cleanup
Event: 22.979 Executing safepoint VM operation: Cleanup done
Event: 22.988 Executing safepoint VM operation: ParallelGCFailedAllocation (Allocation Failure)
Event: 22.993 Executing safepoint VM operation: ParallelGCFailedAllocation (Allocation Failure) done
Event: 26.005 Executing safepoint VM operation: Cleanup

Memory protections (0 events):
No events

Nmethod flushes (20 events):
Event: 16.429 Thread 0x00000241be5d0af0 flushing  nmethod 0x00000241c1f07a90
Event: 16.429 Thread 0x00000241be5d0af0 flushing  nmethod 0x00000241c1f09490
Event: 16.429 Thread 0x00000241be5d0af0 flushing  nmethod 0x00000241c1f25c10
Event: 16.429 Thread 0x00000241be5d0af0 flushing osr nmethod 0x00000241c1f36390
Event: 16.429 Thread 0x00000241be5d0af0 flushing osr nmethod 0x00000241c1f38090
Event: 16.429 Thread 0x00000241be5d0af0 flushing osr nmethod 0x00000241c1f8b990
Event: 16.429 Thread 0x00000241be5d0af0 flushing  nmethod 0x00000241c1faa490
Event: 16.429 Thread 0x00000241be5d0af0 flushing  nmethod 0x00000241c1fb6790
Event: 16.429 Thread 0x00000241be5d0af0 flushing  nmethod 0x00000241c1fba110
Event: 16.429 Thread 0x00000241be5d0af0 flushing  nmethod 0x00000241c1fbab90
Event: 16.429 Thread 0x00000241be5d0af0 flushing  nmethod 0x00000241c1fbb890
Event: 16.429 Thread 0x00000241be5d0af0 flushing  nmethod 0x00000241c1fd5e90
Event: 16.429 Thread 0x00000241be5d0af0 flushing  nmethod 0x00000241c1fd6590
Event: 16.429 Thread 0x00000241be5d0af0 flushing  nmethod 0x00000241c1fd6b90
Event: 16.429 Thread 0x00000241be5d0af0 flushing  nmethod 0x00000241c1fd7410
Event: 16.429 Thread 0x00000241be5d0af0 flushing  nmethod 0x00000241c1fd9210
Event: 16.429 Thread 0x00000241be5d0af0 flushing  nmethod 0x00000241c1ff6110
Event: 16.429 Thread 0x00000241be5d0af0 flushing  nmethod 0x00000241c200aa90
Event: 16.429 Thread 0x00000241be5d0af0 flushing  nmethod 0x00000241c206b010
Event: 16.429 Thread 0x00000241be5d0af0 flushing  nmethod 0x00000241c2098710

Events (20 events):
Event: 8.901 Thread 0x000002421d45b920 Thread added: 0x000002421d94cff0
Event: 8.902 Thread 0x000002421d94cff0 Thread exited: 0x000002421d94cff0
Event: 9.035 Thread 0x000002421d45b920 Thread added: 0x000002421d94cff0
Event: 11.081 Thread 0x000002421d45bfb0 Thread added: 0x0000024220a4eea0
Event: 11.938 Thread 0x000002421d970370 Thread exited: 0x000002421d970370
Event: 11.938 Thread 0x000002421defe1e0 Thread exited: 0x000002421defe1e0
Event: 12.030 Thread 0x00000242173914a0 Thread added: 0x000002422040eed0
Event: 12.421 Thread 0x0000024220a4eea0 Thread exited: 0x0000024220a4eea0
Event: 15.196 Thread 0x000002422040eed0 Thread exited: 0x000002422040eed0
Event: 17.363 Thread 0x00000242173914a0 Thread added: 0x000002421deeafa0
Event: 19.841 Thread 0x000002421deeafa0 Thread exited: 0x000002421deeafa0
Event: 20.300 Thread 0x00000242173914a0 Thread added: 0x000002421deeafa0
Event: 20.710 Thread 0x000002421deeafa0 Thread exited: 0x000002421deeafa0
Event: 20.723 Thread 0x00000242173914a0 Thread added: 0x000002421deeafa0
Event: 20.724 Thread 0x00000242173914a0 Thread added: 0x000002421deec410
Event: 21.764 Thread 0x000002421deec410 Thread exited: 0x000002421deec410
Event: 21.764 Thread 0x000002421deeafa0 Thread exited: 0x000002421deeafa0
Event: 21.776 Thread 0x00000242173914a0 Thread added: 0x000002421deebd40
Event: 22.979 Thread 0x00000242173914a0 Thread added: 0x000002421deeafa0
Event: 24.104 Thread 0x000002421d94cff0 Thread exited: 0x000002421d94cff0


Dynamic libraries:
0x00007ff605770000 - 0x00007ff60577e000 	c:\Users\Suchithra R\.vscode\extensions\redhat.java-1.54.0-win32-x64\jre\21.0.10-win32-x86_64\bin\java.exe
0x00007ffed0cc0000 - 0x00007ffed0f27000 	C:\WINDOWS\SYSTEM32\ntdll.dll
0x00007ffecfc10000 - 0x00007ffecfcd9000 	C:\WINDOWS\System32\KERNEL32.DLL
0x00007ffecde90000 - 0x00007ffece284000 	C:\WINDOWS\System32\KERNELBASE.dll
0x00007ffece690000 - 0x00007ffece7db000 	C:\WINDOWS\System32\ucrtbase.dll
0x00007ffea4540000 - 0x00007ffea4558000 	c:\Users\Suchithra R\.vscode\extensions\redhat.java-1.54.0-win32-x64\jre\21.0.10-win32-x86_64\bin\jli.dll
0x00007ffeb4ae0000 - 0x00007ffeb4afe000 	c:\Users\Suchithra R\.vscode\extensions\redhat.java-1.54.0-win32-x64\jre\21.0.10-win32-x86_64\bin\VCRUNTIME140.dll
0x00007ffecfa10000 - 0x00007ffecfbd5000 	C:\WINDOWS\System32\USER32.dll
0x00007ffecea20000 - 0x00007ffecea47000 	C:\WINDOWS\System32\win32u.dll
0x00007ffeb2dd0000 - 0x00007ffeb3063000 	C:\WINDOWS\WinSxS\amd64_microsoft.windows.common-controls_6595b64144ccf1df_6.0.26100.8115_none_3e075c82e3354f9c\COMCTL32.dll
0x00007ffecfbe0000 - 0x00007ffecfc0b000 	C:\WINDOWS\System32\GDI32.dll
0x00007ffecf670000 - 0x00007ffecf719000 	C:\WINDOWS\System32\msvcrt.dll
0x00007ffece340000 - 0x00007ffece46b000 	C:\WINDOWS\System32\gdi32full.dll
0x00007ffece290000 - 0x00007ffece333000 	C:\WINDOWS\System32\msvcp_win.dll
0x00007ffed0bb0000 - 0x00007ffed0be2000 	C:\WINDOWS\System32\IMM32.DLL
0x00007ffeca1b0000 - 0x00007ffeca1bc000 	c:\Users\Suchithra R\.vscode\extensions\redhat.java-1.54.0-win32-x64\jre\21.0.10-win32-x86_64\bin\vcruntime140_1.dll
0x00007ffe65cd0000 - 0x00007ffe65d5d000 	c:\Users\Suchithra R\.vscode\extensions\redhat.java-1.54.0-win32-x64\jre\21.0.10-win32-x86_64\bin\msvcp140.dll
0x00007ffe047d0000 - 0x00007ffe05571000 	c:\Users\Suchithra R\.vscode\extensions\redhat.java-1.54.0-win32-x64\jre\21.0.10-win32-x86_64\bin\server\jvm.dll
0x00007ffecf950000 - 0x00007ffecfa06000 	C:\WINDOWS\System32\ADVAPI32.dll
0x00007ffecefd0000 - 0x00007ffecf077000 	C:\WINDOWS\System32\sechost.dll
0x00007ffecfce0000 - 0x00007ffecfdf8000 	C:\WINDOWS\System32\RPCRT4.dll
0x00007ffecf720000 - 0x00007ffecf7a0000 	C:\WINDOWS\System32\WS2_32.dll
0x00007ffecd410000 - 0x00007ffecd46e000 	C:\WINDOWS\SYSTEM32\POWRPROF.dll
0x00007ffeb46b0000 - 0x00007ffeb46bb000 	C:\WINDOWS\SYSTEM32\VERSION.dll
0x00007ffeca590000 - 0x00007ffeca5c6000 	C:\WINDOWS\SYSTEM32\WINMM.dll
0x00007ffecd3f0000 - 0x00007ffecd404000 	C:\WINDOWS\SYSTEM32\UMPDC.dll
0x00007ffecc2f0000 - 0x00007ffecc30b000 	C:\WINDOWS\SYSTEM32\kernel.appcore.dll
0x00007ffeb2930000 - 0x00007ffeb293a000 	c:\Users\Suchithra R\.vscode\extensions\redhat.java-1.54.0-win32-x64\jre\21.0.10-win32-x86_64\bin\jimage.dll
0x00007ffecb3a0000 - 0x00007ffecb5e2000 	C:\WINDOWS\SYSTEM32\DBGHELP.DLL
0x00007ffed06e0000 - 0x00007ffed0a62000 	C:\WINDOWS\System32\combase.dll
0x00007ffecf580000 - 0x00007ffecf658000 	C:\WINDOWS\System32\OLEAUT32.dll
0x00007ffeb0fd0000 - 0x00007ffeb100b000 	C:\WINDOWS\SYSTEM32\dbgcore.DLL
0x00007ffece5e0000 - 0x00007ffece685000 	C:\WINDOWS\System32\bcryptPrimitives.dll
0x00007ffeb5220000 - 0x00007ffeb522f000 	c:\Users\Suchithra R\.vscode\extensions\redhat.java-1.54.0-win32-x64\jre\21.0.10-win32-x86_64\bin\instrument.dll
0x00007ffea4400000 - 0x00007ffea4420000 	c:\Users\Suchithra R\.vscode\extensions\redhat.java-1.54.0-win32-x64\jre\21.0.10-win32-x86_64\bin\java.dll
0x00007ffecfe10000 - 0x00007ffed0577000 	C:\WINDOWS\System32\SHELL32.dll
0x00007ffece470000 - 0x00007ffece5da000 	C:\WINDOWS\System32\wintypes.dll
0x00007ffecd620000 - 0x00007ffecde88000 	C:\WINDOWS\System32\windows.storage.dll
0x00007ffeceb30000 - 0x00007ffecec28000 	C:\WINDOWS\System32\SHCORE.dll
0x00007ffecee60000 - 0x00007ffeceec6000 	C:\WINDOWS\System32\shlwapi.dll
0x00007ffecd4b0000 - 0x00007ffecd4d9000 	C:\WINDOWS\SYSTEM32\profapi.dll
0x00007ffe9f8b0000 - 0x00007ffe9f8c8000 	c:\Users\Suchithra R\.vscode\extensions\redhat.java-1.54.0-win32-x64\jre\21.0.10-win32-x86_64\bin\zip.dll
0x00007ffea7ca0000 - 0x00007ffea7cb0000 	C:\Users\Suchithra R\.vscode\extensions\redhat.java-1.54.0-win32-x64\jre\21.0.10-win32-x86_64\bin\net.dll
0x00007ffec53c0000 - 0x00007ffec54ed000 	C:\WINDOWS\SYSTEM32\WINHTTP.dll
0x00007ffecc890000 - 0x00007ffecc8fc000 	C:\WINDOWS\system32\mswsock.dll
0x00007ffeb4e40000 - 0x00007ffeb4e56000 	C:\Users\Suchithra R\.vscode\extensions\redhat.java-1.54.0-win32-x64\jre\21.0.10-win32-x86_64\bin\nio.dll
0x00007ffea45d0000 - 0x00007ffea45e0000 	c:\Users\Suchithra R\.vscode\extensions\redhat.java-1.54.0-win32-x64\jre\21.0.10-win32-x86_64\bin\verify.dll
0x00007ffe92e30000 - 0x00007ffe92e75000 	C:\Users\Suchithra R\AppData\Roaming\Code\User\globalStorage\redhat.java\1.54.0\config_win\org.eclipse.equinox.launcher\org.eclipse.equinox.launcher.win32.win32.x86_64_1.3.0.v20260203-2149\eclipse_11919.dll
0x00007ffecf7b0000 - 0x00007ffecf947000 	C:\WINDOWS\System32\ole32.dll
0x00007ffeccb70000 - 0x00007ffeccb8b000 	C:\WINDOWS\SYSTEM32\CRYPTSP.dll
0x00007ffecc250000 - 0x00007ffecc289000 	C:\WINDOWS\system32\rsaenh.dll
0x00007ffecc940000 - 0x00007ffecc973000 	C:\WINDOWS\SYSTEM32\USERENV.dll
0x00007ffecd480000 - 0x00007ffecd4aa000 	C:\WINDOWS\SYSTEM32\bcrypt.dll
0x00007ffeccb90000 - 0x00007ffeccb9c000 	C:\WINDOWS\SYSTEM32\CRYPTBASE.dll
0x00007ffecbc80000 - 0x00007ffecbcb2000 	C:\WINDOWS\SYSTEM32\IPHLPAPI.DLL
0x00007ffecf570000 - 0x00007ffecf57a000 	C:\WINDOWS\System32\NSI.dll
0x00007ffe8e9c0000 - 0x00007ffe8ea09000 	C:\Users\Suchithra R\AppData\Local\Temp\jna--201911177\jna15726540101700349404.dll
0x00007ffecfe00000 - 0x00007ffecfe08000 	C:\WINDOWS\System32\PSAPI.DLL
0x00007ffec6ff0000 - 0x00007ffec700d000 	C:\WINDOWS\SYSTEM32\dhcpcsvc6.DLL
0x00007ffec6e50000 - 0x00007ffec6e75000 	C:\WINDOWS\SYSTEM32\dhcpcsvc.DLL
0x00007ffebb0d0000 - 0x00007ffebb0de000 	C:\Users\Suchithra R\.vscode\extensions\redhat.java-1.54.0-win32-x64\jre\21.0.10-win32-x86_64\bin\sunmscapi.dll
0x00007ffece7e0000 - 0x00007ffece957000 	C:\WINDOWS\System32\CRYPT32.dll
0x00007ffeccd90000 - 0x00007ffeccdc0000 	C:\WINDOWS\SYSTEM32\ncrypt.dll
0x00007ffeccd40000 - 0x00007ffeccd7f000 	C:\WINDOWS\SYSTEM32\NTASN1.dll
0x00007ffecbcc0000 - 0x00007ffecbdf2000 	C:\WINDOWS\SYSTEM32\DNSAPI.dll
0x00007ffec2910000 - 0x00007ffec291b000 	C:\Windows\System32\rasadhlp.dll
0x00007ffec7080000 - 0x00007ffec7106000 	C:\WINDOWS\System32\fwpuclnt.dll
0x00007ffebafa0000 - 0x00007ffebafa9000 	C:\Users\Suchithra R\.vscode\extensions\redhat.java-1.54.0-win32-x64\jre\21.0.10-win32-x86_64\bin\extnet.dll

JVMTI agents:
c:\Users\Suchithra R\.vscode\extensions\redhat.java-1.54.0-win32-x64\lombok\lombok-1.18.39-4050.jar path:c:\Users\Suchithra R\.vscode\extensions\redhat.java-1.54.0-win32-x64\jre\21.0.10-win32-x86_64\bin\instrument.dll, loaded, initialized, instrumentlib options:none

dbghelp: loaded successfully - version: 4.0.5 - missing functions: none
symbol engine: initialized successfully - sym options: 0x614 - pdb path: .;c:\Users\Suchithra R\.vscode\extensions\redhat.java-1.54.0-win32-x64\jre\21.0.10-win32-x86_64\bin;C:\WINDOWS\SYSTEM32;C:\WINDOWS\WinSxS\amd64_microsoft.windows.common-controls_6595b64144ccf1df_6.0.26100.8115_none_3e075c82e3354f9c;c:\Users\Suchithra R\.vscode\extensions\redhat.java-1.54.0-win32-x64\jre\21.0.10-win32-x86_64\bin\server;C:\Users\Suchithra R\AppData\Roaming\Code\User\globalStorage\redhat.java\1.54.0\config_win\org.eclipse.equinox.launcher\org.eclipse.equinox.launcher.win32.win32.x86_64_1.3.0.v20260203-2149;C:\Users\Suchithra R\AppData\Local\Temp\jna--201911177

VM Arguments:
jvm_args: --add-modules=ALL-SYSTEM --add-opens=java.base/java.util=ALL-UNNAMED --add-opens=java.base/java.lang=ALL-UNNAMED --add-opens=java.base/sun.nio.fs=ALL-UNNAMED -Declipse.application=org.eclipse.jdt.ls.core.id1 -Dosgi.bundles.defaultStartLevel=4 -Declipse.product=org.eclipse.jdt.ls.core.product -Djava.import.generatesMetadataFilesAtProjectRoot=false -DDetectVMInstallationsJob.disabled=true -Dfile.encoding=utf8 -XX:+UseParallelGC -XX:GCTimeRatio=4 -XX:AdaptiveSizePolicyWeight=90 -Dsun.zip.disableMemoryMapping=true -Xmx2G -Xms100m -Xlog:disable -javaagent:c:\Users\Suchithra R\.vscode\extensions\redhat.java-1.54.0-win32-x64\lombok\lombok-1.18.39-4050.jar -XX:+HeapDumpOnOutOfMemoryError -XX:HeapDumpPath=c:\Users\Suchithra R\AppData\Roaming\Code\User\workspaceStorage\d012632ad44ff7d50c97a912f1f7be03\redhat.java -Daether.dependencyCollector.impl=bf 
java_command: c:\Users\Suchithra R\.vscode\extensions\redhat.java-1.54.0-win32-x64\server\plugins\org.eclipse.equinox.launcher_1.7.100.v20251111-0406.jar -configuration c:\Users\Suchithra R\AppData\Roaming\Code\User\globalStorage\redhat.java\1.54.0\config_win -data c:\Users\Suchithra R\AppData\Roaming\Code\User\workspaceStorage\d012632ad44ff7d50c97a912f1f7be03\redhat.java\jdt_ws --pipe=\\.\pipe\lsp-f47fce3c9c9f51a810c43b7dcd16ad82-sock
java_class_path (initial): c:\Users\Suchithra R\.vscode\extensions\redhat.java-1.54.0-win32-x64\server\plugins\org.eclipse.equinox.launcher_1.7.100.v20251111-0406.jar
Launcher Type: SUN_STANDARD

[Global flags]
    uintx AdaptiveSizePolicyWeight                 = 90                                        {product} {command line}
     intx CICompilerCount                          = 4                                         {product} {ergonomic}
    uintx GCTimeRatio                              = 4                                         {product} {command line}
     bool HeapDumpOnOutOfMemoryError               = true                                   {manageable} {command line}
    ccstr HeapDumpPath                             = c:\Users\Suchithra R\AppData\Roaming\Code\User\workspaceStorage\d012632ad44ff7d50c97a912f1f7be03\redhat.java         {manageable} {command line}
   size_t InitialHeapSize                          = 104857600                                 {product} {command line}
   size_t MaxHeapSize                              = 2147483648                                {product} {command line}
   size_t MaxNewSize                               = 715653120                                 {product} {ergonomic}
   size_t MinHeapDeltaBytes                        = 524288                                    {product} {ergonomic}
   size_t MinHeapSize                              = 104857600                                 {product} {command line}
   size_t NewSize                                  = 34603008                                  {product} {ergonomic}
    uintx NonNMethodCodeHeapSize                   = 5839372                                {pd product} {ergonomic}
    uintx NonProfiledCodeHeapSize                  = 122909434                              {pd product} {ergonomic}
   size_t OldSize                                  = 70254592                                  {product} {ergonomic}
    uintx ProfiledCodeHeapSize                     = 122909434                              {pd product} {ergonomic}
    uintx ReservedCodeCacheSize                    = 251658240                              {pd product} {ergonomic}
     bool SegmentedCodeCache                       = true                                      {product} {ergonomic}
   size_t SoftMaxHeapSize                          = 2147483648                             {manageable} {ergonomic}
     bool UseCompressedOops                        = true                           {product lp64_product} {ergonomic}
     bool UseLargePagesIndividualAllocation        = false                                  {pd product} {ergonomic}
     bool UseParallelGC                            = true                                      {product} {command line}

Logging:
Log output configuration:
 #0: stdout all=off uptime,level,tags foldmultilines=false
 #1: stderr all=off uptime,level,tags foldmultilines=false

Release file:
JAVA_VERSION="21.0.10" 
MODULES="java.base java.compiler java.datatransfer java.xml java.prefs java.desktop java.instrument java.logging java.management java.security.sasl java.naming java.rmi java.management.rmi java.net.http java.scripting java.security.jgss java.transaction.xa java.sql java.sql.rowset java.xml.crypto java.se java.smartcardio jdk.accessibility jdk.internal.jvmstat jdk.attach jdk.charsets jdk.internal.opt jdk.zipfs jdk.compiler jdk.crypto.ec jdk.crypto.cryptoki jdk.crypto.mscapi jdk.dynalink jdk.internal.ed jdk.editpad jdk.hotspot.agent jdk.httpserver jdk.internal.le jdk.internal.vm.ci jdk.internal.vm.compiler jdk.internal.vm.compiler.management jdk.jartool jdk.javadoc jdk.jcmd jdk.management jdk.management.agent jdk.jconsole jdk.jdeps jdk.jdwp.agent jdk.jdi jdk.jfr jdk.jshell jdk.jsobject jdk.jstatd jdk.localedata jdk.management.jfr jdk.naming.dns jdk.naming.rmi jdk.net jdk.nio.mapmode jdk.random jdk.sctp jdk.security.auth jdk.security.jgss jdk.unsupported jdk.unsupported.desktop jdk.xml.dom" 

Environment Variables:
PATH=C:\Users\Suchithra R\AppData\Local\Programs\Microsoft VS Code;C:\Program Files\Common Files\Oracle\Java\javapath;C:\Program Files (x86)\Common Files\Oracle\Java\java8path;C:\Program Files (x86)\Common Files\Oracle\Java\javapath;C:\WINDOWS\system32;C:\WINDOWS;C:\WINDOWS\System32\Wbem;C:\WINDOWS\System32\WindowsPowerShell\v1.0\;C:\WINDOWS\System32\OpenSSH\;C:\Program Files\dotnet\;C:\Program Files\Java\jdk-23\bin;C:\Program Files (x86)\Microsoft SQL Server\160\Tools\Binn\;C:\Program Files\Microsoft SQL Server\160\Tools\Binn\;C:\Program Files\Microsoft SQL Server\Client SDK\ODBC\170\Tools\Binn\;C:\Program Files\Microsoft SQL Server\160\DTS\Binn\;C:\Users\Suchithra R\Downloads\apache-maven-3.9.11-bin (1)\apache-maven-3.9.11\bin;C:\Program Files\Git\cmd;%NVM_HOME%;%NVM_SYMLINK%;C:\Program Files\nodejs\;C:\Program Files\Microsoft SQL Server\170\Tools\Binn\;C:\Users\Suchithra R\AppData\Local\Programs\Python\Python313\Scripts\;C:\Users\Suchithra R\AppData\Local\Programs\Python\Python313\;C:\Users\Suchithra R\AppData\Local\Microsoft\WindowsApps;C:\Users\Suchithra R\AppData\Local\Programs\Microsoft VS Code\bin;C:\Users\Suchithra R\AppData\Local\GitHubDesktop\bin;C:\Users\Suchithra R\AppData\Local\nvm;C:\nvm4w\nodejs;C:\Users\Suchithra R\AppData\Roaming\npm;C:\Users\Suchithra R\AppData\Local\Programs\Antigravity\bin;C:\Users\Suchithra R\.dotnet\tools
USERNAME=Suchithra R
OS=Windows_NT
PROCESSOR_IDENTIFIER=Intel64 Family 6 Model 186 Stepping 3, GenuineIntel
TMP=C:\Users\SUCHIT~1\AppData\Local\Temp
TEMP=C:\Users\SUCHIT~1\AppData\Local\Temp




Periodic native trim disabled

---------------  S Y S T E M  ---------------

OS:
 Windows 11 , 64 bit Build 26100 (10.0.26100.8246)
OS uptime: 1 days 8:01 hours
Hyper-V role detected

CPU: total 12 (initial active 12) (6 cores per cpu, 2 threads per core) family 6 model 186 stepping 3 microcode 0x4128, cx8, cmov, fxsr, ht, mmx, 3dnowpref, sse, sse2, sse3, ssse3, sse4.1, sse4.2, popcnt, lzcnt, tsc, tscinvbit, avx, avx2, aes, erms, clmul, bmi1, bmi2, adx, sha, fma, vzeroupper, clflush, clflushopt, clwb, hv, serialize, rdtscp, rdpid, fsrm, f16c, cet_ibt, cet_ss
Processor Information for the first 12 processors :
  Max Mhz: 1300, Current Mhz: 1300, Mhz Limit: 1300

Memory: 4k page, system-wide physical 7876M (485M free)
TotalPageFile size 32452M (AvailPageFile size 5M)
current process WorkingSet (physical memory assigned to process): 268M, peak: 279M
current process commit charge ("private bytes"): 357M, peak: 374M

vm_info: OpenJDK 64-Bit Server VM (21.0.10+7-LTS) for windows-amd64 JRE (21.0.10+7-LTS), built on 2026-01-20T00:00:00Z by "admin" with MS VC++ 17.12 (VS2022)

END.
